# JRE version: OpenJDK Runtime Environment (8.0_76-b03) (build 1.8.0_76-release-b03)
# Java VM: OpenJDK 64-Bit Server VM (25.76-b03 mixed mode windows-amd64 compressed oops)
Heap:
 PSYoungGen      total 114688K, used 97513K [0x00000000e0000000, 0x00000000e7a00000, 0x0000000100000000)
  eden space 106496K, 91% used [0x00000000e0000000,0x00000000e5f3a5d8,0x00000000e6800000)
  from space 8192K, 0% used [0x00000000e7200000,0x00000000e7200000,0x00000000e7a00000)
  to   space 9216K, 0% used [0x00000000e6800000,0x00000000e6800000,0x00000000e7100000)
 ParOldGen       total 53248K, used 15662K [0x00000000a0000000, 0x00000000a3400000, 0x00000000e0000000)
  object space 53248K, 29% used [0x00000000a0000000,0x00000000a0f4baf0,0x00000000a3400000)
 Metaspace       used 41740K, capacity 42502K, committed 42928K, reserved 1087488K
  class space    used 5549K, capacity 5717K, committed 5808K, reserved 1048576K
GC Heap History (10 events):
Event: 18.811 GC heap before
{Heap before GC invocations=10 (full 1):
 PSYoungGen      total 54784K, used 50787K [0x00000000e0000000, 0x00000000e3e80000, 0x0000000100000000)
  eden space 46592K, 100% used [0x00000000e0000000,0x00000000e2d80000,0x00000000e2d80000)
  from space 8192K, 51% used [0x00000000e3680000,0x00000000e3a98fa0,0x00000000e3e80000)
  to   space 8704K, 0% used [0x00000000e2d80000,0x00000000e2d80000,0x00000000e3600000)
 ParOldGen       total 38912K, used 7142K [0x00000000a0000000, 0x00000000a2600000, 0x00000000e0000000)
  object space 38912K, 18% used [0x00000000a0000000,0x00000000a06f9840,0x00000000a2600000)
 Metaspace       used 27670K, capacity 28098K, committed 28336K, reserved 1073152K
  class space    used 3784K, capacity 3933K, committed 4016K, reserved 1048576K
Event: 18.820 GC heap after
Heap after GC invocations=10 (full 1):
 PSYoungGen      total 55296K, used 5787K [0x00000000e0000000, 0x00000000e5780000, 0x0000000100000000)
  eden space 46592K, 0% used [0x00000000e0000000,0x00000000e0000000,0x00000000e2d80000)
  from space 8704K, 66% used [0x00000000e2d80000,0x00000000e3326e68,0x00000000e3600000)
  to   space 8704K, 0% used [0x00000000e4f00000,0x00000000e4f00000,0x00000000e5780000)
 ParOldGen       total 38912K, used 7150K [0x00000000a0000000, 0x00000000a2600000, 0x00000000e0000000)
  object space 38912K, 18% used [0x00000000a0000000,0x00000000a06fb840,0x00000000a2600000)
 Metaspace       used 27670K, capacity 28098K, committed 28336K, reserved 1073152K
  class space    used 3784K, capacity 3933K, committed 4016K, reserved 1048576K
}
Event: 20.771 GC heap before
{Heap before GC invocations=11 (full 1):
 PSYoungGen      total 55296K, used 52379K [0x00000000e0000000, 0x00000000e5780000, 0x0000000100000000)
  eden space 46592K, 100% used [0x00000000e0000000,0x00000000e2d80000,0x00000000e2d80000)
  from space 8704K, 66% used [0x00000000e2d80000,0x00000000e3326e68,0x00000000e3600000)
  to   space 8704K, 0% used [0x00000000e4f00000,0x00000000e4f00000,0x00000000e5780000)
 ParOldGen       total 38912K, used 7150K [0x00000000a0000000, 0x00000000a2600000, 0x00000000e0000000)
  object space 38912K, 18% used [0x00000000a0000000,0x00000000a06fb840,0x00000000a2600000)
 Metaspace       used 27950K, capacity 28418K, committed 28848K, reserved 1075200K
  class space    used 3787K, capacity 3933K, committed 4016K, reserved 1048576K
Event: 20.781 GC heap after
Heap after GC invocations=11 (full 1):
 PSYoungGen      total 78848K, used 2048K [0x00000000e0000000, 0x00000000e5680000, 0x0000000100000000)
  eden space 71168K, 0% used [0x00000000e0000000,0x00000000e0000000,0x00000000e4580000)
  from space 7680K, 26% used [0x00000000e4f00000,0x00000000e5100010,0x00000000e5680000)
  to   space 8704K, 0% used [0x00000000e4580000,0x00000000e4580000,0x00000000e4e00000)
 ParOldGen       total 38912K, used 9526K [0x00000000a0000000, 0x00000000a2600000, 0x00000000e0000000)
  object space 38912K, 24% used [0x00000000a0000000,0x00000000a094d870,0x00000000a2600000)
 Metaspace       used 27950K, capacity 28418K, committed 28848K, reserved 1075200K
  class space    used 3787K, capacity 3933K, committed 4016K, reserved 1048576K
}
Event: 30.137 GC heap before
{Heap before GC invocations=12 (full 1):
 PSYoungGen      total 78848K, used 73216K [0x00000000e0000000, 0x00000000e5680000, 0x0000000100000000)
  eden space 71168K, 100% used [0x00000000e0000000,0x00000000e4580000,0x00000000e4580000)
  from space 7680K, 26% used [0x00000000e4f00000,0x00000000e5100010,0x00000000e5680000)
  to   space 8704K, 0% used [0x00000000e4580000,0x00000000e4580000,0x00000000e4e00000)
 ParOldGen       total 38912K, used 9526K [0x00000000a0000000, 0x00000000a2600000, 0x00000000e0000000)
  object space 38912K, 24% used [0x00000000a0000000,0x00000000a094d870,0x00000000a2600000)
 Metaspace       used 32898K, capacity 33492K, committed 33840K, reserved 1079296K
  class space    used 4412K, capacity 4587K, committed 4656K, reserved 1048576K
Event: 30.155 GC heap after
Heap after GC invocations=12 (full 1):
 PSYoungGen      total 79872K, used 6826K [0x00000000e0000000, 0x00000000e7b00000, 0x0000000100000000)
  eden space 71168K, 0% used [0x00000000e0000000,0x00000000e0000000,0x00000000e4580000)
  from space 8704K, 78% used [0x00000000e4580000,0x00000000e4c2aae8,0x00000000e4e00000)
  to   space 9216K, 0% used [0x00000000e7200000,0x00000000e7200000,0x00000000e7b00000)
 ParOldGen       total 38912K, used 10715K [0x00000000a0000000, 0x00000000a2600000, 0x00000000e0000000)
  object space 38912K, 27% used [0x00000000a0000000,0x00000000a0a76ca8,0x00000000a2600000)
 Metaspace       used 32898K, capacity 33492K, committed 33840K, reserved 1079296K
  class space    used 4412K, capacity 4587K, committed 4656K, reserved 1048576K
}
Event: 30.600 GC heap before
{Heap before GC invocations=13 (full 1):
 PSYoungGen      total 79872K, used 31999K [0x00000000e0000000, 0x00000000e7b00000, 0x0000000100000000)
  eden space 71168K, 35% used [0x00000000e0000000,0x00000000e18951b8,0x00000000e4580000)
  from space 8704K, 78% used [0x00000000e4580000,0x00000000e4c2aae8,0x00000000e4e00000)
  to   space 9216K, 0% used [0x00000000e7200000,0x00000000e7200000,0x00000000e7b00000)
 ParOldGen       total 38912K, used 10715K [0x00000000a0000000, 0x00000000a2600000, 0x00000000e0000000)
  object space 38912K, 27% used [0x00000000a0000000,0x00000000a0a76ca8,0x00000000a2600000)
 Metaspace       used 34639K, capacity 35160K, committed 35496K, reserved 1079296K
  class space    used 4640K, capacity 4817K, committed 4912K, reserved 1048576K
Event: 30.608 GC heap after
Heap after GC invocations=13 (full 1):
 PSYoungGen      total 114688K, used 3071K [0x00000000e0000000, 0x00000000e7a00000, 0x0000000100000000)
  eden space 106496K, 0% used [0x00000000e0000000,0x00000000e0000000,0x00000000e6800000)
  from space 8192K, 37% used [0x00000000e7200000,0x00000000e74ffd98,0x00000000e7a00000)
  to   space 9216K, 0% used [0x00000000e6800000,0x00000000e6800000,0x00000000e7100000)
 ParOldGen       total 38912K, used 13419K [0x00000000a0000000, 0x00000000a2600000, 0x00000000e0000000)
  object space 38912K, 34% used [0x00000000a0000000,0x00000000a0d1acc8,0x00000000a2600000)
 Metaspace       used 34639K, capacity 35160K, committed 35496K, reserved 1079296K
  class space    used 4640K, capacity 4817K, committed 4912K, reserved 1048576K
}
Event: 30.608 GC heap before
{Heap before GC invocations=14 (full 2):
 PSYoungGen      total 114688K, used 3071K [0x00000000e0000000, 0x00000000e7a00000, 0x0000000100000000)
  eden space 106496K, 0% used [0x00000000e0000000,0x00000000e0000000,0x00000000e6800000)
  from space 8192K, 37% used [0x00000000e7200000,0x00000000e74ffd98,0x00000000e7a00000)
  to   space 9216K, 0% used [0x00000000e6800000,0x00000000e6800000,0x00000000e7100000)
 ParOldGen       total 38912K, used 13419K [0x00000000a0000000, 0x00000000a2600000, 0x00000000e0000000)
  object space 38912K, 34% used [0x00000000a0000000,0x00000000a0d1acc8,0x00000000a2600000)
 Metaspace       used 34639K, capacity 35160K, committed 35496K, reserved 1079296K
  class space    used 4640K, capacity 4817K, committed 4912K, reserved 1048576K
Event: 30.779 GC heap after
Heap after GC invocations=14 (full 2):
 PSYoungGen      total 114688K, used 0K [0x00000000e0000000, 0x00000000e7a00000, 0x0000000100000000)
  eden space 106496K, 0% used [0x00000000e0000000,0x00000000e0000000,0x00000000e6800000)
  from space 8192K, 0% used [0x00000000e7200000,0x00000000e7200000,0x00000000e7a00000)
  to   space 9216K, 0% used [0x00000000e6800000,0x00000000e6800000,0x00000000e7100000)
 ParOldGen       total 53248K, used 15662K [0x00000000a0000000, 0x00000000a3400000, 0x00000000e0000000)
  object space 53248K, 29% used [0x00000000a0000000,0x00000000a0f4baf0,0x00000000a3400000)
 Metaspace       used 34639K, capacity 35160K, committed 35496K, reserved 1079296K
  class space    used 4640K, capacity 4817K, committed 4912K, reserved 1048576K
}

